<?xml version="1.0" encoding="UTF-8"?>
<testsuite xmlns:xsi="http://www.w3.org/2001/XMLSchema-instance" xsi:noNamespaceSchemaLocation="https://maven.apache.org/surefire/maven-surefire-plugin/xsd/surefire-test-report.xsd" name="com.overtone.requests.TestRequestConfig" time="0.051" tests="4" errors="0" skipped="0" failures="0">
  <properties>
    <property name="java.specification.version" value="14"/>
    <property name="sun.jnu.encoding" value="UTF-8"/>
    <property name="java.class.path" value="/home/pdunton/IdeaProjects/overtone/target/test-classes:/home/pdunton/IdeaProjects/overtone/target/classes:/home/pdunton/IdeaProjects/overtone/server/.m2/repository/org/junit/jupiter/junit-jupiter-api/5.6.0/junit-jupiter-api-5.6.0.jar:/home/pdunton/IdeaProjects/overtone/server/.m2/repository/org/apiguardian/apiguardian-api/1.1.0/apiguardian-api-1.1.0.jar:/home/pdunton/IdeaProjects/overtone/server/.m2/repository/org/opentest4j/opentest4j/1.2.0/opentest4j-1.2.0.jar:/home/pdunton/IdeaProjects/overtone/server/.m2/repository/org/junit/platform/junit-platform-commons/1.6.0/junit-platform-commons-1.6.0.jar:/home/pdunton/IdeaProjects/overtone/server/.m2/repository/org/junit/jupiter/junit-jupiter-engine/5.6.0/junit-jupiter-engine-5.6.0.jar:/home/pdunton/IdeaProjects/overtone/server/.m2/repository/org/junit/platform/junit-platform-engine/1.6.0/junit-platform-engine-1.6.0.jar:/home/pdunton/IdeaProjects/overtone/server/.m2/repository/com/sparkjava/spark-core/2.9.1/spark-core-2.9.1.jar:/home/pdunton/IdeaProjects/overtone/server/.m2/repository/org/slf4j/slf4j-api/1.7.25/slf4j-api-1.7.25.jar:/home/pdunton/IdeaProjects/overtone/server/.m2/repository/org/eclipse/jetty/jetty-server/9.4.18.v20190429/jetty-server-9.4.18.v20190429.jar:/home/pdunton/IdeaProjects/overtone/server/.m2/repository/javax/servlet/javax.servlet-api/3.1.0/javax.servlet-api-3.1.0.jar:/home/pdunton/IdeaProjects/overtone/server/.m2/repository/org/eclipse/jetty/jetty-http/9.4.18.v20190429/jetty-http-9.4.18.v20190429.jar:/home/pdunton/IdeaProjects/overtone/server/.m2/repository/org/eclipse/jetty/jetty-util/9.4.18.v20190429/jetty-util-9.4.18.v20190429.jar:/home/pdunton/IdeaProjects/overtone/server/.m2/repository/org/eclipse/jetty/jetty-io/9.4.18.v20190429/jetty-io-9.4.18.v20190429.jar:/home/pdunton/IdeaProjects/overtone/server/.m2/repository/org/eclipse/jetty/jetty-webapp/9.4.18.v20190429/jetty-webapp-9.4.18.v20190429.jar:/home/pdunton/IdeaProjects/overtone/server/.m2/repository/org/eclipse/jetty/jetty-xml/9.4.18.v20190429/jetty-xml-9.4.18.v20190429.jar:/home/pdunton/IdeaProjects/overtone/server/.m2/repository/org/eclipse/jetty/jetty-servlet/9.4.18.v20190429/jetty-servlet-9.4.18.v20190429.jar:/home/pdunton/IdeaProjects/overtone/server/.m2/repository/org/eclipse/jetty/jetty-security/9.4.18.v20190429/jetty-security-9.4.18.v20190429.jar:/home/pdunton/IdeaProjects/overtone/server/.m2/repository/org/eclipse/jetty/websocket/websocket-server/9.4.18.v20190429/websocket-server-9.4.18.v20190429.jar:/home/pdunton/IdeaProjects/overtone/server/.m2/repository/org/eclipse/jetty/websocket/websocket-common/9.4.18.v20190429/websocket-common-9.4.18.v20190429.jar:/home/pdunton/IdeaProjects/overtone/server/.m2/repository/org/eclipse/jetty/websocket/websocket-client/9.4.18.v20190429/websocket-client-9.4.18.v20190429.jar:/home/pdunton/IdeaProjects/overtone/server/.m2/repository/org/eclipse/jetty/jetty-client/9.4.18.v20190429/jetty-client-9.4.18.v20190429.jar:/home/pdunton/IdeaProjects/overtone/server/.m2/repository/org/eclipse/jetty/websocket/websocket-servlet/9.4.18.v20190429/websocket-servlet-9.4.18.v20190429.jar:/home/pdunton/IdeaProjects/overtone/server/.m2/repository/org/eclipse/jetty/websocket/websocket-api/9.4.18.v20190429/websocket-api-9.4.18.v20190429.jar:/home/pdunton/IdeaProjects/overtone/server/.m2/repository/com/google/code/gson/gson/2.8.6/gson-2.8.6.jar:/home/pdunton/IdeaProjects/overtone/server/.m2/repository/org/slf4j/slf4j-simple/1.7.30/slf4j-simple-1.7.30.jar:/home/pdunton/IdeaProjects/overtone/server/.m2/repository/org/everit/json/org.everit.json.schema/1.5.1/org.everit.json.schema-1.5.1.jar:/home/pdunton/IdeaProjects/overtone/server/.m2/repository/org/json/json/20160810/json-20160810.jar:/home/pdunton/IdeaProjects/overtone/server/.m2/repository/com/google/guava/guava/19.0/guava-19.0.jar:/home/pdunton/IdeaProjects/overtone/server/.m2/repository/commons-validator/commons-validator/1.5.1/commons-validator-1.5.1.jar:/home/pdunton/IdeaProjects/overtone/server/.m2/repository/commons-beanutils/commons-beanutils/1.9.2/commons-beanutils-1.9.2.jar:/home/pdunton/IdeaProjects/overtone/server/.m2/repository/commons-digester/commons-digester/1.8.1/commons-digester-1.8.1.jar:/home/pdunton/IdeaProjects/overtone/server/.m2/repository/commons-logging/commons-logging/1.2/commons-logging-1.2.jar:/home/pdunton/IdeaProjects/overtone/server/.m2/repository/commons-collections/commons-collections/3.2.2/commons-collections-3.2.2.jar:"/>
    <property name="java.vm.vendor" value="Oracle Corporation"/>
    <property name="sun.arch.data.model" value="64"/>
    <property name="java.vendor.url" value="https://java.oracle.com/"/>
    <property name="os.name" value="Linux"/>
    <property name="java.vm.specification.version" value="14"/>
    <property name="sun.java.launcher" value="SUN_STANDARD"/>
    <property name="user.country" value="US"/>
    <property name="sun.boot.library.path" value="/home/pdunton/jdk-14/jdk-14.0.2/lib"/>
    <property name="sun.java.command" value="/home/pdunton/IdeaProjects/overtone/target/surefire/surefirebooter10654928474991174067.jar /home/pdunton/IdeaProjects/overtone/target/surefire 2020-10-04T23-15-15_269-jvmRun1 surefire7773229727605060003tmp surefire_015764944934753937031tmp"/>
    <property name="jdk.debug" value="release"/>
    <property name="surefire.test.class.path" value="/home/pdunton/IdeaProjects/overtone/target/test-classes:/home/pdunton/IdeaProjects/overtone/target/classes:/home/pdunton/IdeaProjects/overtone/server/.m2/repository/org/junit/jupiter/junit-jupiter-api/5.6.0/junit-jupiter-api-5.6.0.jar:/home/pdunton/IdeaProjects/overtone/server/.m2/repository/org/apiguardian/apiguardian-api/1.1.0/apiguardian-api-1.1.0.jar:/home/pdunton/IdeaProjects/overtone/server/.m2/repository/org/opentest4j/opentest4j/1.2.0/opentest4j-1.2.0.jar:/home/pdunton/IdeaProjects/overtone/server/.m2/repository/org/junit/platform/junit-platform-commons/1.6.0/junit-platform-commons-1.6.0.jar:/home/pdunton/IdeaProjects/overtone/server/.m2/repository/org/junit/jupiter/junit-jupiter-engine/5.6.0/junit-jupiter-engine-5.6.0.jar:/home/pdunton/IdeaProjects/overtone/server/.m2/repository/org/junit/platform/junit-platform-engine/1.6.0/junit-platform-engine-1.6.0.jar:/home/pdunton/IdeaProjects/overtone/server/.m2/repository/com/sparkjava/spark-core/2.9.1/spark-core-2.9.1.jar:/home/pdunton/IdeaProjects/overtone/server/.m2/repository/org/slf4j/slf4j-api/1.7.25/slf4j-api-1.7.25.jar:/home/pdunton/IdeaProjects/overtone/server/.m2/repository/org/eclipse/jetty/jetty-server/9.4.18.v20190429/jetty-server-9.4.18.v20190429.jar:/home/pdunton/IdeaProjects/overtone/server/.m2/repository/javax/servlet/javax.servlet-api/3.1.0/javax.servlet-api-3.1.0.jar:/home/pdunton/IdeaProjects/overtone/server/.m2/repository/org/eclipse/jetty/jetty-http/9.4.18.v20190429/jetty-http-9.4.18.v20190429.jar:/home/pdunton/IdeaProjects/overtone/server/.m2/repository/org/eclipse/jetty/jetty-util/9.4.18.v20190429/jetty-util-9.4.18.v20190429.jar:/home/pdunton/IdeaProjects/overtone/server/.m2/repository/org/eclipse/jetty/jetty-io/9.4.18.v20190429/jetty-io-9.4.18.v20190429.jar:/home/pdunton/IdeaProjects/overtone/server/.m2/repository/org/eclipse/jetty/jetty-webapp/9.4.18.v20190429/jetty-webapp-9.4.18.v20190429.jar:/home/pdunton/IdeaProjects/overtone/server/.m2/repository/org/eclipse/jetty/jetty-xml/9.4.18.v20190429/jetty-xml-9.4.18.v20190429.jar:/home/pdunton/IdeaProjects/overtone/server/.m2/repository/org/eclipse/jetty/jetty-servlet/9.4.18.v20190429/jetty-servlet-9.4.18.v20190429.jar:/home/pdunton/IdeaProjects/overtone/server/.m2/repository/org/eclipse/jetty/jetty-security/9.4.18.v20190429/jetty-security-9.4.18.v20190429.jar:/home/pdunton/IdeaProjects/overtone/server/.m2/repository/org/eclipse/jetty/websocket/websocket-server/9.4.18.v20190429/websocket-server-9.4.18.v20190429.jar:/home/pdunton/IdeaProjects/overtone/server/.m2/repository/org/eclipse/jetty/websocket/websocket-common/9.4.18.v20190429/websocket-common-9.4.18.v20190429.jar:/home/pdunton/IdeaProjects/overtone/server/.m2/repository/org/eclipse/jetty/websocket/websocket-client/9.4.18.v20190429/websocket-client-9.4.18.v20190429.jar:/home/pdunton/IdeaProjects/overtone/server/.m2/repository/org/eclipse/jetty/jetty-client/9.4.18.v20190429/jetty-client-9.4.18.v20190429.jar:/home/pdunton/IdeaProjects/overtone/server/.m2/repository/org/eclipse/jetty/websocket/websocket-servlet/9.4.18.v20190429/websocket-servlet-9.4.18.v20190429.jar:/home/pdunton/IdeaProjects/overtone/server/.m2/repository/org/eclipse/jetty/websocket/websocket-api/9.4.18.v20190429/websocket-api-9.4.18.v20190429.jar:/home/pdunton/IdeaProjects/overtone/server/.m2/repository/com/google/code/gson/gson/2.8.6/gson-2.8.6.jar:/home/pdunton/IdeaProjects/overtone/server/.m2/repository/org/slf4j/slf4j-simple/1.7.30/slf4j-simple-1.7.30.jar:/home/pdunton/IdeaProjects/overtone/server/.m2/repository/org/everit/json/org.everit.json.schema/1.5.1/org.everit.json.schema-1.5.1.jar:/home/pdunton/IdeaProjects/overtone/server/.m2/repository/org/json/json/20160810/json-20160810.jar:/home/pdunton/IdeaProjects/overtone/server/.m2/repository/com/google/guava/guava/19.0/guava-19.0.jar:/home/pdunton/IdeaProjects/overtone/server/.m2/repository/commons-validator/commons-validator/1.5.1/commons-validator-1.5.1.jar:/home/pdunton/IdeaProjects/overtone/server/.m2/repository/commons-beanutils/commons-beanutils/1.9.2/commons-beanutils-1.9.2.jar:/home/pdunton/IdeaProjects/overtone/server/.m2/repository/commons-digester/commons-digester/1.8.1/commons-digester-1.8.1.jar:/home/pdunton/IdeaProjects/overtone/server/.m2/repository/commons-logging/commons-logging/1.2/commons-logging-1.2.jar:/home/pdunton/IdeaProjects/overtone/server/.m2/repository/commons-collections/commons-collections/3.2.2/commons-collections-3.2.2.jar:"/>
    <property name="sun.cpu.endian" value="little"/>
    <property name="user.home" value="/home/pdunton"/>
    <property name="user.language" value="en"/>
    <property name="java.specification.vendor" value="Oracle Corporation"/>
    <property name="java.version.date" value="2020-07-14"/>
    <property name="java.home" value="/home/pdunton/jdk-14/jdk-14.0.2"/>
    <property name="file.separator" value="/"/>
    <property name="basedir" value="/home/pdunton/IdeaProjects/overtone/server"/>
    <property name="java.vm.compressedOopsMode" value="32-bit"/>
    <property name="line.separator" value="&#10;"/>
    <property name="java.vm.specification.vendor" value="Oracle Corporation"/>
    <property name="java.specification.name" value="Java Platform API Specification"/>
    <property name="surefire.real.class.path" value="/home/pdunton/IdeaProjects/overtone/target/surefire/surefirebooter10654928474991174067.jar"/>
    <property name="sun.management.compiler" value="HotSpot 64-Bit Tiered Compilers"/>
    <property name="java.runtime.version" value="14.0.2+12-46"/>
    <property name="user.name" value="pdunton"/>
    <property name="path.separator" value=":"/>
    <property name="os.version" value="5.4.0-48-generic"/>
    <property name="java.runtime.name" value="OpenJDK Runtime Environment"/>
    <property name="file.encoding" value="UTF-8"/>
    <property name="java.vm.name" value="OpenJDK 64-Bit Server VM"/>
    <property name="localRepository" value="/home/pdunton/IdeaProjects/overtone/server/.m2/repository"/>
    <property name="java.vendor.url.bug" value="https://bugreport.java.com/bugreport/"/>
    <property name="java.io.tmpdir" value="/tmp"/>
    <property name="java.version" value="14.0.2"/>
    <property name="user.dir" value="/home/pdunton/IdeaProjects/overtone/server"/>
    <property name="os.arch" value="amd64"/>
    <property name="java.vm.specification.name" value="Java Virtual Machine Specification"/>
    <property name="java.library.path" value="/usr/java/packages/lib:/usr/lib64:/lib64:/lib:/usr/lib"/>
    <property name="java.vm.info" value="mixed mode, sharing"/>
    <property name="java.vendor" value="Oracle Corporation"/>
    <property name="java.vm.version" value="14.0.2+12-46"/>
    <property name="sun.io.unicode.encoding" value="UnicodeLittle"/>
    <property name="java.class.version" value="58.0"/>
  </properties>
  <testcase name="testType" classname="com.overtone.requests.TestRequestConfig" time="0.04"/>
  <testcase name="testVersion" classname="com.overtone.requests.TestRequestConfig" time="0.001"/>
  <testcase name="testServerName" classname="com.overtone.requests.TestRequestConfig" time="0.001"/>
  <testcase name="testSupportedRequests" classname="com.overtone.requests.TestRequestConfig" time="0.001"/>
</testsuite>